
 gcc -fno-strict-aliasing -m32 -Wno-error -fno-pic -static -fno-builtin -fno-strict-aliasing -Os -m32 -fno-omit-frame-pointer -fno-exceptions -fno-stack-protector -fno-stack-protector -fno-pie -no-pie -I./include -c /mnt/c/workspace/project/other/xv6-python/bootblock/bootasm.S -o ./build/bootblock/bootasm 
 gcc -fno-strict-aliasing -m32 -Wno-error -fno-pic -static -fno-builtin -fno-strict-aliasing -Os -m32 -fno-omit-frame-pointer -fno-exceptions -fno-stack-protector -fno-stack-protector -fno-pie -no-pie -I./include -c /mnt/c/workspace/project/other/xv6-python/bootblock/bootmain.c -o ./build/bootblock/bootmain 
 ld -m elf_i386  -N -e start -Ttext 0x7C00 -o ./build/bootblock/bootblock.o ./build/bootblock/bootasm ./build/bootblock/bootmain 
 objcopy -S -O binary -j .text ./build/bootblock/bootblock.o ./build/bootblock/bootblock 
 /mnt/c/workspace/project/other/xv6-python/bootblock/sign.pl ./build/bootblock/bootblock 
 :  
 kernel/vectors.pl > ./build/kernel/vectors.S 
 gcc -fno-strict-aliasing -m32 -Wno-error-O3 -fno-pic -static -fno-builtin -m32 -fno-omit-frame-pointer -fno-exceptions -fno-stack-protector -fno-stack-protector -fno-pie -no-pie  -iquote./include -c kernel/bio.c -o ./build/kernel/bio.o 
 gcc -fno-strict-aliasing -m32 -Wno-error-O3 -fno-pic -static -fno-builtin -m32 -fno-omit-frame-pointer -fno-exceptions -fno-stack-protector -fno-stack-protector -fno-pie -no-pie  -iquote./include -c kernel/console.c -o ./build/kernel/console.o 
 gcc -fno-strict-aliasing -m32 -Wno-error-O3 -fno-pic -static -fno-builtin -m32 -fno-omit-frame-pointer -fno-exceptions -fno-stack-protector -fno-stack-protector -fno-pie -no-pie  -iquote./include -c kernel/exec.c -o ./build/kernel/exec.o 
 gcc -fno-strict-aliasing -m32 -Wno-error-O3 -fno-pic -static -fno-builtin -m32 -fno-omit-frame-pointer -fno-exceptions -fno-stack-protector -fno-stack-protector -fno-pie -no-pie  -iquote./include -c kernel/file.c -o ./build/kernel/file.o 
 gcc -fno-strict-aliasing -m32 -Wno-error-O3 -fno-pic -static -fno-builtin -m32 -fno-omit-frame-pointer -fno-exceptions -fno-stack-protector -fno-stack-protector -fno-pie -no-pie  -iquote./include -c kernel/fs.c -o ./build/kernel/fs.o 
 gcc -fno-strict-aliasing -m32 -Wno-error-O3 -fno-pic -static -fno-builtin -m32 -fno-omit-frame-pointer -fno-exceptions -fno-stack-protector -fno-stack-protector -fno-pie -no-pie  -iquote./include -c kernel/ide.c -o ./build/kernel/ide.o 
 gcc -fno-strict-aliasing -m32 -Wno-error-O3 -fno-pic -static -fno-builtin -m32 -fno-omit-frame-pointer -fno-exceptions -fno-stack-protector -fno-stack-protector -fno-pie -no-pie  -iquote./include -c kernel/ioapic.c -o ./build/kernel/ioapic.o 
 gcc -fno-strict-aliasing -m32 -Wno-error-O3 -fno-pic -static -fno-builtin -m32 -fno-omit-frame-pointer -fno-exceptions -fno-stack-protector -fno-stack-protector -fno-pie -no-pie  -iquote./include -c kernel/kalloc.c -o ./build/kernel/kalloc.o 
 gcc -fno-strict-aliasing -m32 -Wno-error-O3 -fno-pic -static -fno-builtin -m32 -fno-omit-frame-pointer -fno-exceptions -fno-stack-protector -fno-stack-protector -fno-pie -no-pie  -iquote./include -c kernel/kbd.c -o ./build/kernel/kbd.o 
 gcc -fno-strict-aliasing -m32 -Wno-error-O3 -fno-pic -static -fno-builtin -m32 -fno-omit-frame-pointer -fno-exceptions -fno-stack-protector -fno-stack-protector -fno-pie -no-pie  -iquote./include -c kernel/lapic.c -o ./build/kernel/lapic.o 
 gcc -fno-strict-aliasing -m32 -Wno-error-O3 -fno-pic -static -fno-builtin -m32 -fno-omit-frame-pointer -fno-exceptions -fno-stack-protector -fno-stack-protector -fno-pie -no-pie  -iquote./include -c kernel/log.c -o ./build/kernel/log.o 
 gcc -fno-strict-aliasing -m32 -Wno-error-O3 -fno-pic -static -fno-builtin -m32 -fno-omit-frame-pointer -fno-exceptions -fno-stack-protector -fno-stack-protector -fno-pie -no-pie  -iquote./include -c kernel/main.c -o ./build/kernel/main.o 
 gcc -fno-strict-aliasing -m32 -Wno-error-O3 -fno-pic -static -fno-builtin -m32 -fno-omit-frame-pointer -fno-exceptions -fno-stack-protector -fno-stack-protector -fno-pie -no-pie  -iquote./include -c kernel/mp.c -o ./build/kernel/mp.o 
 gcc -fno-strict-aliasing -m32 -Wno-error-O3 -fno-pic -static -fno-builtin -m32 -fno-omit-frame-pointer -fno-exceptions -fno-stack-protector -fno-stack-protector -fno-pie -no-pie  -iquote./include -c kernel/picirq.c -o ./build/kernel/picirq.o 
 gcc -fno-strict-aliasing -m32 -Wno-error-O3 -fno-pic -static -fno-builtin -m32 -fno-omit-frame-pointer -fno-exceptions -fno-stack-protector -fno-stack-protector -fno-pie -no-pie  -iquote./include -c kernel/pipe.c -o ./build/kernel/pipe.o 
 gcc -fno-strict-aliasing -m32 -Wno-error-O3 -fno-pic -static -fno-builtin -m32 -fno-omit-frame-pointer -fno-exceptions -fno-stack-protector -fno-stack-protector -fno-pie -no-pie  -iquote./include -c kernel/proc.c -o ./build/kernel/proc.o 
 gcc -fno-strict-aliasing -m32 -Wno-error-O3 -fno-pic -static -fno-builtin -m32 -fno-omit-frame-pointer -fno-exceptions -fno-stack-protector -fno-stack-protector -fno-pie -no-pie  -iquote./include -c kernel/sleeplock.c -o ./build/kernel/sleeplock.o 
 gcc -fno-strict-aliasing -m32 -Wno-error-O3 -fno-pic -static -fno-builtin -m32 -fno-omit-frame-pointer -fno-exceptions -fno-stack-protector -fno-stack-protector -fno-pie -no-pie  -iquote./include -c kernel/spinlock.c -o ./build/kernel/spinlock.o 
 gcc -fno-strict-aliasing -m32 -Wno-error-O3 -fno-pic -static -fno-builtin -m32 -fno-omit-frame-pointer -fno-exceptions -fno-stack-protector -fno-stack-protector -fno-pie -no-pie  -iquote./include -c kernel/string.c -o ./build/kernel/string.o 
 gcc -fno-strict-aliasing -m32 -Wno-error-O3 -fno-pic -static -fno-builtin -m32 -fno-omit-frame-pointer -fno-exceptions -fno-stack-protector -fno-stack-protector -fno-pie -no-pie  -iquote./include -c kernel/syscall.c -o ./build/kernel/syscall.o 
 gcc -fno-strict-aliasing -m32 -Wno-error-O3 -fno-pic -static -fno-builtin -m32 -fno-omit-frame-pointer -fno-exceptions -fno-stack-protector -fno-stack-protector -fno-pie -no-pie  -iquote./include -c kernel/sysfile.c -o ./build/kernel/sysfile.o 
 gcc -fno-strict-aliasing -m32 -Wno-error-O3 -fno-pic -static -fno-builtin -m32 -fno-omit-frame-pointer -fno-exceptions -fno-stack-protector -fno-stack-protector -fno-pie -no-pie  -iquote./include -c kernel/sysproc.c -o ./build/kernel/sysproc.o 
 gcc -fno-strict-aliasing -m32 -Wno-error-O3 -fno-pic -static -fno-builtin -m32 -fno-omit-frame-pointer -fno-exceptions -fno-stack-protector -fno-stack-protector -fno-pie -no-pie  -iquote./include -c kernel/trap.c -o ./build/kernel/trap.o 
 gcc -fno-strict-aliasing -m32 -Wno-error-O3 -fno-pic -static -fno-builtin -m32 -fno-omit-frame-pointer -fno-exceptions -fno-stack-protector -fno-stack-protector -fno-pie -no-pie  -iquote./include -c kernel/uart.c -o ./build/kernel/uart.o 
 gcc -fno-strict-aliasing -m32 -Wno-error-O3 -fno-pic -static -fno-builtin -m32 -fno-omit-frame-pointer -fno-exceptions -fno-stack-protector -fno-stack-protector -fno-pie -no-pie  -iquote./include -c kernel/vm.c -o ./build/kernel/vm.o 
 gcc -fno-strict-aliasing -m32 -Wno-error-O3 -fno-pic -static -fno-builtin -m32 -fno-omit-frame-pointer -fno-exceptions -fno-stack-protector -fno-stack-protector -fno-pie -no-pie  -iquote./include -c kernel/swtch.S -o ./build/kernel/swtch.o 
 gcc -fno-strict-aliasing -m32 -Wno-error-O3 -fno-pic -static -fno-builtin -m32 -fno-omit-frame-pointer -fno-exceptions -fno-stack-protector -fno-stack-protector -fno-pie -no-pie  -iquote./include -c kernel/trapasm.S -o ./build/kernel/trapasm.o 
 gcc -fno-strict-aliasing -m32 -Wno-error-O3 -fno-pic -static -fno-builtin -m32 -fno-omit-frame-pointer -fno-exceptions -fno-stack-protector -fno-stack-protector -fno-pie -no-pie  -iquote./include -c kernel/entry.S -o ./build/kernel/entry.o 
 gcc -fno-strict-aliasing -m32 -Wno-error-O3 -fno-pic -static -fno-builtin -m32 -fno-omit-frame-pointer -fno-exceptions -fno-stack-protector -fno-stack-protector -fno-pie -no-pie  -iquote./include -c ./build/kernel/vectors.S -o ./build/kernel/vectors.o 
 gcc -fno-strict-aliasing -m32 -Wno-error-O3 -fno-pic -static -fno-builtin -m32 -fno-omit-frame-pointer -fno-exceptions -fno-stack-protector -fno-stack-protector -fno-pie -no-pie  -iquote./include -c kernel/entryother.S -o ./build/kernel/entryother.o 
 ld -m elf_i386  -N -e start -Ttext 0x7000 -o ./build/kernel/entryother.out ./build/kernel/entryother.o 
 objcopy -S -O binary -j .text ./build/kernel/entryother.out ./build/kernel/entryother 
 gcc -fno-strict-aliasing -m32 -Wno-error-O3 -fno-pic -static -fno-builtin -m32 -fno-omit-frame-pointer -fno-exceptions -fno-stack-protector -fno-stack-protector -fno-pie -no-pie  -iquote./include -c kernel/initcode.S -o ./build/kernel/initcode.o 
 ld -m elf_i386  -N -e start -Ttext 0 -o ./build/kernel/initcode.out ./build/kernel/initcode.o 
 objcopy -S -O binary ./build/kernel/initcode.out ./build/kernel/initcode 
 cd ./build/kernel 
 ld -m elf_i386  -T /mnt/c/workspace/project/other/xv6-python/kernel/kernel.ld -o /mnt/c/workspace/project/other/xv6-python/build/kernel/kernel /mnt/c/workspace/project/other/xv6-python/build/kernel/bio.o /mnt/c/workspace/project/other/xv6-python/build/kernel/console.o /mnt/c/workspace/project/other/xv6-python/build/kernel/exec.o /mnt/c/workspace/project/other/xv6-python/build/kernel/file.o /mnt/c/workspace/project/other/xv6-python/build/kernel/fs.o /mnt/c/workspace/project/other/xv6-python/build/kernel/ide.o /mnt/c/workspace/project/other/xv6-python/build/kernel/ioapic.o /mnt/c/workspace/project/other/xv6-python/build/kernel/kalloc.o /mnt/c/workspace/project/other/xv6-python/build/kernel/kbd.o /mnt/c/workspace/project/other/xv6-python/build/kernel/lapic.o /mnt/c/workspace/project/other/xv6-python/build/kernel/log.o /mnt/c/workspace/project/other/xv6-python/build/kernel/main.o /mnt/c/workspace/project/other/xv6-python/build/kernel/mp.o /mnt/c/workspace/project/other/xv6-python/build/kernel/picirq.o /mnt/c/workspace/project/other/xv6-python/build/kernel/pipe.o /mnt/c/workspace/project/other/xv6-python/build/kernel/proc.o /mnt/c/workspace/project/other/xv6-python/build/kernel/sleeplock.o /mnt/c/workspace/project/other/xv6-python/build/kernel/spinlock.o /mnt/c/workspace/project/other/xv6-python/build/kernel/string.o /mnt/c/workspace/project/other/xv6-python/build/kernel/syscall.o /mnt/c/workspace/project/other/xv6-python/build/kernel/sysfile.o /mnt/c/workspace/project/other/xv6-python/build/kernel/sysproc.o /mnt/c/workspace/project/other/xv6-python/build/kernel/trap.o /mnt/c/workspace/project/other/xv6-python/build/kernel/uart.o /mnt/c/workspace/project/other/xv6-python/build/kernel/vm.o /mnt/c/workspace/project/other/xv6-python/build/kernel/swtch.o /mnt/c/workspace/project/other/xv6-python/build/kernel/trapasm.o /mnt/c/workspace/project/other/xv6-python/build/kernel/entry.o /mnt/c/workspace/project/other/xv6-python/build/kernel/vectors.o -b binary initcode entryother 
 cd - 
 objdump -t ./build/kernel/kernel | sed '1,/SYMBOL TABLE/d; s/ .* / /; /^$$/d' > ./build/kernel/kernel.sym 
 dd if=/dev/zero of=./build/image count=10000 
 dd if=./build/bootblock/bootblock of=./build/image conv=notrunc 
 dd if=./build/kernel/kernel.sym of=./build/image seek=1 conv=notruncnmeta 59 (boot, super, log blocks 30 inode blocks 26, bitmap blocks 1) blocks 941 total 1000
balloc: first 306 blocks have been allocated
balloc: write bitmap block at sector 58
/home/nagisa/xv6-python
/home/nagisa/xv6-python

